[2020-10-15T07:28:12.933] [DEBUG] cheese - login => username:admin11,password:123456
[2020-10-15T07:28:12.938] [DEBUG] cheese - admin11
[2020-10-15T07:28:12.968] [DEBUG] cheese - null
[2020-10-15T07:28:12.970] [DEBUG] cheese - null
[2020-10-15T07:31:19.298] [DEBUG] cheese - login => username:admin,password:123456
[2020-10-15T07:31:19.298] [DEBUG] cheese - admin
[2020-10-15T07:31:19.310] [DEBUG] cheese - null
[2020-10-15T07:31:19.310] [DEBUG] cheese - null
[2020-10-16T12:54:03.110] [DEBUG] cheese - login => username:515614,password:516515616516
[2020-10-16T12:54:03.113] [DEBUG] cheese - 515614
[2020-10-16T12:54:03.164] [DEBUG] cheese - null
[2020-10-16T12:54:03.165] [DEBUG] cheese - null
[2020-10-16T12:54:41.423] [DEBUG] cheese - login => username:sasas,password:asasasasas
[2020-10-16T12:54:41.423] [DEBUG] cheese - sasas
[2020-10-16T12:54:41.425] [DEBUG] cheese - null
[2020-10-16T12:54:41.425] [DEBUG] cheese - null
[2020-10-16T12:56:28.876] [DEBUG] cheese - login => username:sasa,password:saasas
[2020-10-16T12:56:28.876] [DEBUG] cheese - sasa
[2020-10-16T12:56:28.879] [DEBUG] cheese - null
[2020-10-16T12:56:28.879] [DEBUG] cheese - null
[2020-10-16T12:56:42.579] [DEBUG] cheese - login => username:admin,password:123456
[2020-10-16T12:56:42.580] [DEBUG] cheese - admin
[2020-10-16T12:56:42.586] [DEBUG] cheese - null
[2020-10-16T12:56:42.586] [DEBUG] cheese - null
[2020-10-16T12:59:07.185] [DEBUG] cheese - login => username:admin ,password:123456
[2020-10-16T12:59:07.185] [DEBUG] cheese - admin 
[2020-10-16T12:59:07.187] [DEBUG] cheese - null
[2020-10-16T12:59:07.188] [DEBUG] cheese - null
[2020-10-16T12:59:10.361] [DEBUG] cheese - login => username:admin ,password:123456111
[2020-10-16T12:59:10.361] [DEBUG] cheese - admin 
[2020-10-16T12:59:10.364] [DEBUG] cheese - null
[2020-10-16T12:59:10.364] [DEBUG] cheese - null
[2020-10-16T13:07:02.624] [DEBUG] cheese - login => username:sqsa,password:asassasa
[2020-10-16T13:07:02.624] [DEBUG] cheese - sqsa
[2020-10-16T13:07:02.626] [DEBUG] cheese - null
[2020-10-16T13:07:02.626] [DEBUG] cheese - null
[2020-10-16T13:07:15.354] [DEBUG] cheese - login => username:admin,password:123456
[2020-10-16T13:07:15.354] [DEBUG] cheese - admin
[2020-10-16T13:07:15.357] [DEBUG] cheese - null
[2020-10-16T13:07:15.357] [DEBUG] cheese - null
[2020-10-16T13:08:01.548] [DEBUG] cheese - login => username:admin,password:123456
[2020-10-16T13:08:01.548] [DEBUG] cheese - admin
[2020-10-16T13:08:01.550] [DEBUG] cheese - null
[2020-10-16T13:08:01.551] [DEBUG] cheese - null
[2020-10-16T13:08:19.281] [DEBUG] cheese - login => username:admin,password:123456
[2020-10-16T13:08:19.281] [DEBUG] cheese - admin
[2020-10-16T13:08:19.284] [DEBUG] cheese - null
[2020-10-16T13:08:19.284] [DEBUG] cheese - null
[2020-10-16T13:08:42.330] [DEBUG] cheese - login => username:daad,password:afdaddad
[2020-10-16T13:08:42.330] [DEBUG] cheese - daad
[2020-10-16T13:08:42.332] [DEBUG] cheese - null
[2020-10-16T13:08:42.333] [DEBUG] cheese - null
[2020-10-16T13:16:02.143] [DEBUG] cheese - login => username:admin,password:123456
[2020-10-16T13:16:02.143] [DEBUG] cheese - admin
[2020-10-16T13:16:02.147] [DEBUG] cheese - null
[2020-10-16T13:16:02.147] [DEBUG] cheese - null
[2020-10-16T13:20:07.138] [DEBUG] cheese - login => username:admin,password:123456
[2020-10-16T13:20:07.138] [DEBUG] cheese - admin
[2020-10-16T13:20:07.141] [DEBUG] cheese - null
[2020-10-16T13:20:07.141] [DEBUG] cheese - null
[2020-10-16T13:20:11.665] [DEBUG] cheese - login => username:admin,password:123456
[2020-10-16T13:20:11.665] [DEBUG] cheese - admin
[2020-10-16T13:20:11.668] [DEBUG] cheese - null
[2020-10-16T13:20:11.668] [DEBUG] cheese - null
[2020-10-16T13:20:13.844] [DEBUG] cheese - login => username:admin,password:123456
[2020-10-16T13:20:13.845] [DEBUG] cheese - admin
[2020-10-16T13:20:13.847] [DEBUG] cheese - null
[2020-10-16T13:20:13.847] [DEBUG] cheese - null
[2020-10-16T13:20:15.023] [DEBUG] cheese - login => username:admin,password:123456
[2020-10-16T13:20:15.023] [DEBUG] cheese - admin
[2020-10-16T13:20:15.025] [DEBUG] cheese - null
[2020-10-16T13:20:15.025] [DEBUG] cheese - null
[2020-10-16T13:20:15.407] [DEBUG] cheese - login => username:admin,password:123456
[2020-10-16T13:20:15.408] [DEBUG] cheese - admin
[2020-10-16T13:20:15.410] [DEBUG] cheese - null
[2020-10-16T13:20:15.410] [DEBUG] cheese - null
[2020-10-16T13:20:39.582] [DEBUG] cheese - login => username:admin,password:123456
[2020-10-16T13:20:39.583] [DEBUG] cheese - admin
[2020-10-16T13:20:39.585] [DEBUG] cheese - null
[2020-10-16T13:20:39.585] [DEBUG] cheese - null
[2020-10-16T13:21:27.109] [DEBUG] cheese - login => username:admin,password:123456
[2020-10-16T13:21:27.109] [DEBUG] cheese - admin
[2020-10-16T13:21:27.124] [DEBUG] cheese - null
[2020-10-16T13:21:27.124] [DEBUG] cheese - null
[2020-10-16T13:21:50.345] [DEBUG] cheese - login => username:admin,password:123456
[2020-10-16T13:21:50.345] [DEBUG] cheese - admin
[2020-10-16T13:21:50.348] [DEBUG] cheese - null
[2020-10-16T13:21:50.349] [DEBUG] cheese - null
[2020-10-16T13:21:52.560] [DEBUG] cheese - login => username:admin,password:123456
[2020-10-16T13:21:52.560] [DEBUG] cheese - admin
[2020-10-16T13:21:52.563] [DEBUG] cheese - null
[2020-10-16T13:21:52.563] [DEBUG] cheese - null
[2020-10-16T13:22:00.441] [DEBUG] cheese - login => username:admin,password:123456
[2020-10-16T13:22:00.441] [DEBUG] cheese - admin
[2020-10-16T13:22:00.443] [DEBUG] cheese - null
[2020-10-16T13:22:00.444] [DEBUG] cheese - null
[2020-10-16T13:22:23.452] [DEBUG] cheese - login => username:admin,password:123456
[2020-10-16T13:22:23.452] [DEBUG] cheese - admin
[2020-10-16T13:22:23.457] [DEBUG] cheese - null
[2020-10-16T13:22:23.457] [DEBUG] cheese - null
[2020-10-16T13:22:32.023] [DEBUG] cheese - login => username:admin,password:123456
[2020-10-16T13:22:32.024] [DEBUG] cheese - admin
[2020-10-16T13:22:32.026] [DEBUG] cheese - null
[2020-10-16T13:22:32.026] [DEBUG] cheese - null
[2020-10-16T13:22:47.734] [DEBUG] cheese - login => username:admin,password:123456
[2020-10-16T13:22:47.735] [DEBUG] cheese - admin
[2020-10-16T13:22:47.737] [DEBUG] cheese - null
[2020-10-16T13:22:47.737] [DEBUG] cheese - null
[2020-10-16T13:23:39.803] [DEBUG] cheese - login => username:admin,password:123456
[2020-10-16T13:23:39.803] [DEBUG] cheese - admin
[2020-10-16T13:23:39.805] [DEBUG] cheese - null
[2020-10-16T13:23:39.806] [DEBUG] cheese - null
[2020-10-16T13:25:12.459] [DEBUG] cheese - login => username:admin,password:123456
[2020-10-16T13:25:12.460] [DEBUG] cheese - admin
[2020-10-16T13:25:12.463] [DEBUG] cheese - null
[2020-10-16T13:25:12.464] [DEBUG] cheese - null
[2020-10-16T13:25:32.557] [DEBUG] cheese - login => username:admin,password:123456
[2020-10-16T13:25:32.557] [DEBUG] cheese - admin
[2020-10-16T13:25:32.559] [DEBUG] cheese - null
[2020-10-16T13:25:32.560] [DEBUG] cheese - null
[2020-10-16T13:27:01.445] [DEBUG] cheese - login => username:admin,password:123456
[2020-10-16T13:27:01.445] [DEBUG] cheese - admin
[2020-10-16T13:27:01.448] [DEBUG] cheese - null
[2020-10-16T13:27:01.448] [DEBUG] cheese - null
[2020-10-16T13:27:22.499] [DEBUG] cheese - login => username:admin,password:123456
[2020-10-16T13:27:22.500] [DEBUG] cheese - admin
[2020-10-16T13:27:22.502] [DEBUG] cheese - null
[2020-10-16T13:27:22.502] [DEBUG] cheese - null
[2020-10-16T13:27:22.729] [DEBUG] cheese - login => username:admin,password:123456
[2020-10-16T13:27:22.729] [DEBUG] cheese - admin
[2020-10-16T13:27:22.733] [DEBUG] cheese - null
[2020-10-16T13:27:22.733] [DEBUG] cheese - null
[2020-10-16T13:27:22.931] [DEBUG] cheese - login => username:admin,password:123456
[2020-10-16T13:27:22.931] [DEBUG] cheese - admin
[2020-10-16T13:27:22.933] [DEBUG] cheese - null
[2020-10-16T13:27:22.933] [DEBUG] cheese - null
[2020-10-16T13:27:24.608] [DEBUG] cheese - login => username:admin,password:123456
[2020-10-16T13:27:24.608] [DEBUG] cheese - admin
[2020-10-16T13:27:24.610] [DEBUG] cheese - null
[2020-10-16T13:27:24.611] [DEBUG] cheese - null
[2020-10-16T13:27:25.112] [DEBUG] cheese - login => username:admin,password:123456
[2020-10-16T13:27:25.112] [DEBUG] cheese - admin
[2020-10-16T13:27:25.114] [DEBUG] cheese - null
[2020-10-16T13:27:25.114] [DEBUG] cheese - null
[2020-10-16T13:27:25.839] [DEBUG] cheese - login => username:admin,password:123456
[2020-10-16T13:27:25.839] [DEBUG] cheese - admin
[2020-10-16T13:27:25.841] [DEBUG] cheese - null
[2020-10-16T13:27:25.841] [DEBUG] cheese - null
[2020-10-16T13:27:26.048] [DEBUG] cheese - login => username:admin,password:123456
[2020-10-16T13:27:26.048] [DEBUG] cheese - admin
[2020-10-16T13:27:26.050] [DEBUG] cheese - null
[2020-10-16T13:27:26.050] [DEBUG] cheese - null
[2020-10-16T13:28:14.691] [DEBUG] cheese - login => username:admin,password:123456
[2020-10-16T13:28:14.692] [DEBUG] cheese - admin
[2020-10-16T13:28:14.694] [DEBUG] cheese - null
[2020-10-16T13:28:14.694] [DEBUG] cheese - null
[2020-10-16T13:28:21.771] [DEBUG] cheese - login => username:admin,password:123456
[2020-10-16T13:28:21.771] [DEBUG] cheese - admin
[2020-10-16T13:28:21.774] [DEBUG] cheese - null
[2020-10-16T13:28:21.774] [DEBUG] cheese - null
[2020-10-16T13:28:30.237] [DEBUG] cheese - login => username:admin,password:123456
[2020-10-16T13:28:30.237] [DEBUG] cheese - admin
[2020-10-16T13:28:30.239] [DEBUG] cheese - null
[2020-10-16T13:28:30.239] [DEBUG] cheese - null
[2020-10-16T13:28:57.166] [DEBUG] cheese - login => username:admin,password:1234561
[2020-10-16T13:28:57.166] [DEBUG] cheese - admin
[2020-10-16T13:28:57.169] [DEBUG] cheese - null
[2020-10-16T13:28:57.169] [DEBUG] cheese - null
[2020-10-16T13:29:35.554] [DEBUG] cheese - login => username:admin,password:123456
[2020-10-16T13:29:35.554] [DEBUG] cheese - admin
[2020-10-16T13:29:35.556] [DEBUG] cheese - null
[2020-10-16T13:29:35.557] [DEBUG] cheese - null
[2020-10-16T13:32:04.826] [DEBUG] cheese - login => username:admin,password:123456
[2020-10-16T13:32:04.826] [DEBUG] cheese - admin
[2020-10-16T13:32:04.828] [DEBUG] cheese - null
[2020-10-16T13:32:04.828] [DEBUG] cheese - null
[2020-10-16T13:33:22.025] [DEBUG] cheese - login => username:ijgahidb,password:andanda
[2020-10-16T13:33:22.025] [DEBUG] cheese - ijgahidb
[2020-10-16T13:33:22.027] [DEBUG] cheese - null
[2020-10-16T13:33:22.027] [DEBUG] cheese - null
[2020-10-16T13:33:32.158] [DEBUG] cheese - login => username:admin,password:123456
[2020-10-16T13:33:32.159] [DEBUG] cheese - admin
[2020-10-16T13:33:32.161] [DEBUG] cheese - null
[2020-10-16T13:33:32.162] [DEBUG] cheese - null
[2020-10-16T13:34:50.448] [DEBUG] cheese - login => username:bdabi,password:ajndijandin
[2020-10-16T13:34:50.448] [DEBUG] cheese - bdabi
[2020-10-16T13:34:50.450] [DEBUG] cheese - null
[2020-10-16T13:34:50.450] [DEBUG] cheese - null
[2020-10-16T13:36:08.010] [DEBUG] cheese - login => username:tige117,password:123456
[2020-10-16T13:36:08.010] [DEBUG] cheese - tige117
[2020-10-16T13:36:08.012] [DEBUG] cheese - null
[2020-10-16T13:36:08.012] [DEBUG] cheese - null
[2020-10-16T13:36:32.201] [DEBUG] cheese - login => username:tige1200,password:123456
[2020-10-16T13:36:32.201] [DEBUG] cheese - tige1200
[2020-10-16T13:36:32.204] [DEBUG] cheese - null
[2020-10-16T13:36:32.204] [DEBUG] cheese - null
[2020-10-16T20:07:11.707] [DEBUG] cheese - login => username:admin,password:123456
[2020-10-16T20:07:11.708] [DEBUG] cheese - admin
[2020-10-16T20:07:11.738] [DEBUG] cheese - null
[2020-10-16T20:07:11.738] [DEBUG] cheese - null
[2020-10-16T20:19:55.599] [DEBUG] cheese - login => username:efds,password:dsfdsf
[2020-10-16T20:19:55.599] [DEBUG] cheese - efds
[2020-10-16T20:19:55.603] [DEBUG] cheese - null
[2020-10-16T20:19:55.603] [DEBUG] cheese - null
[2020-10-16T20:19:56.422] [DEBUG] cheese - login => username:efds,password:dsfdsf
[2020-10-16T20:19:56.423] [DEBUG] cheese - efds
[2020-10-16T20:19:56.425] [DEBUG] cheese - null
[2020-10-16T20:19:56.425] [DEBUG] cheese - null
[2020-10-16T20:19:56.832] [DEBUG] cheese - login => username:efds,password:dsfdsf
[2020-10-16T20:19:56.833] [DEBUG] cheese - efds
[2020-10-16T20:19:56.835] [DEBUG] cheese - null
[2020-10-16T20:19:56.835] [DEBUG] cheese - null
[2020-10-16T20:19:57.039] [DEBUG] cheese - login => username:efds,password:dsfdsf
[2020-10-16T20:19:57.040] [DEBUG] cheese - efds
[2020-10-16T20:19:57.041] [DEBUG] cheese - null
[2020-10-16T20:19:57.042] [DEBUG] cheese - null
[2020-10-16T20:20:24.676] [DEBUG] cheese - login => username:fsdfdsf,password:fdsfdsf
[2020-10-16T20:20:24.676] [DEBUG] cheese - fsdfdsf
[2020-10-16T20:20:24.680] [DEBUG] cheese - null
[2020-10-16T20:20:24.680] [DEBUG] cheese - null
[2020-10-16T20:25:20.835] [DEBUG] cheese - login => username:adada,password:adasdad
[2020-10-16T20:25:20.835] [DEBUG] cheese - adada
[2020-10-16T20:25:20.837] [DEBUG] cheese - null
[2020-10-16T20:25:20.837] [DEBUG] cheese - null
[2020-10-16T20:25:30.425] [DEBUG] cheese - login => username:admin,password:123456
[2020-10-16T20:25:30.426] [DEBUG] cheese - admin
[2020-10-16T20:25:30.429] [DEBUG] cheese - null
[2020-10-16T20:25:30.429] [DEBUG] cheese - null
[2020-10-16T20:31:19.245] [DEBUG] cheese - login => username:admin,password:123456
[2020-10-16T20:31:19.245] [DEBUG] cheese - admin
[2020-10-16T20:31:19.248] [DEBUG] cheese - null
[2020-10-16T20:31:19.248] [DEBUG] cheese - null
[2020-10-16T20:34:06.348] [DEBUG] cheese - login => username:admin,password:123456
[2020-10-16T20:34:06.348] [DEBUG] cheese - admin
[2020-10-16T20:34:06.351] [DEBUG] cheese - null
[2020-10-16T20:34:06.351] [DEBUG] cheese - null
[2020-10-16T20:34:31.581] [DEBUG] cheese - login => username:admin,password:123456
[2020-10-16T20:34:31.581] [DEBUG] cheese - admin
[2020-10-16T20:34:31.583] [DEBUG] cheese - null
[2020-10-16T20:34:31.583] [DEBUG] cheese - null
[2020-10-16T20:34:35.404] [DEBUG] cheese - login => username:admin,password:123456
[2020-10-16T20:34:35.404] [DEBUG] cheese - admin
[2020-10-16T20:34:35.407] [DEBUG] cheese - null
[2020-10-16T20:34:35.407] [DEBUG] cheese - null
[2020-10-16T20:42:38.635] [DEBUG] cheese - login => username:admin,password:123456
[2020-10-16T20:42:38.635] [DEBUG] cheese - admin
[2020-10-16T20:42:38.638] [DEBUG] cheese - null
[2020-10-16T20:42:38.638] [DEBUG] cheese - null
[2020-10-16T20:42:43.118] [DEBUG] cheese - login => username:admin,password:123456
[2020-10-16T20:42:43.118] [DEBUG] cheese - admin
[2020-10-16T20:42:43.130] [DEBUG] cheese - null
[2020-10-16T20:42:43.130] [DEBUG] cheese - null
[2020-10-16T20:42:46.959] [DEBUG] cheese - login => username:admin,password:123456
[2020-10-16T20:42:46.959] [DEBUG] cheese - admin
[2020-10-16T20:42:46.961] [DEBUG] cheese - null
[2020-10-16T20:42:46.961] [DEBUG] cheese - null
[2020-10-16T20:50:49.036] [DEBUG] cheese - login => username:admin,password:123456
[2020-10-16T20:50:49.037] [DEBUG] cheese - admin
[2020-10-16T20:50:49.039] [DEBUG] cheese - null
[2020-10-16T20:50:49.039] [DEBUG] cheese - null
[2020-10-16T20:57:40.170] [DEBUG] cheese - login => username:admin,password:123456
[2020-10-16T20:57:40.170] [DEBUG] cheese - admin
[2020-10-16T20:57:40.173] [DEBUG] cheese - null
[2020-10-16T20:57:40.173] [DEBUG] cheese - null
[2020-10-16T21:01:07.258] [DEBUG] cheese - login => username:admin,password:123456
[2020-10-16T21:01:07.258] [DEBUG] cheese - admin
[2020-10-16T21:01:07.260] [DEBUG] cheese - null
[2020-10-16T21:01:07.260] [DEBUG] cheese - null
[2020-10-16T21:08:15.233] [DEBUG] cheese - login => username:admin,password:123456
[2020-10-16T21:08:15.233] [DEBUG] cheese - admin
[2020-10-16T21:08:15.241] [DEBUG] cheese - null
[2020-10-16T21:08:15.241] [DEBUG] cheese - null
[2020-10-16T21:16:52.195] [DEBUG] cheese - login => username:admin,password:123456
[2020-10-16T21:16:52.195] [DEBUG] cheese - admin
[2020-10-16T21:16:52.197] [DEBUG] cheese - null
[2020-10-16T21:16:52.197] [DEBUG] cheese - null
[2020-10-17T10:28:22.330] [DEBUG] cheese - login => username:admin,password:123456
[2020-10-17T10:28:22.334] [DEBUG] cheese - admin
[2020-10-17T10:28:22.387] [DEBUG] cheese - null
[2020-10-17T10:28:22.388] [DEBUG] cheese - null
[2020-10-17T10:32:18.375] [DEBUG] cheese - login => username:admin,password:123456
[2020-10-17T10:32:18.375] [DEBUG] cheese - admin
[2020-10-17T10:32:18.379] [DEBUG] cheese - null
[2020-10-17T10:32:18.379] [DEBUG] cheese - null
[2020-10-17T10:33:54.900] [DEBUG] cheese - login => username:admin,password:123456
[2020-10-17T10:33:54.901] [DEBUG] cheese - admin
[2020-10-17T10:33:54.905] [DEBUG] cheese - null
[2020-10-17T10:33:54.905] [DEBUG] cheese - null
[2020-10-17T10:36:57.479] [DEBUG] cheese - login => username:admin,password:123456
[2020-10-17T10:36:57.479] [DEBUG] cheese - admin
[2020-10-17T10:36:57.482] [DEBUG] cheese - null
[2020-10-17T10:36:57.482] [DEBUG] cheese - null
[2020-10-17T10:39:23.476] [DEBUG] cheese - login => username:admin,password:123456
[2020-10-17T10:39:23.476] [DEBUG] cheese - admin
[2020-10-17T10:39:23.480] [DEBUG] cheese - null
[2020-10-17T10:39:23.480] [DEBUG] cheese - null
[2020-10-17T10:39:42.917] [DEBUG] cheese - login => username:admin,password:123456
[2020-10-17T10:39:42.917] [DEBUG] cheese - admin
[2020-10-17T10:39:42.921] [DEBUG] cheese - null
[2020-10-17T10:39:42.921] [DEBUG] cheese - null
[2020-10-17T10:50:17.107] [DEBUG] cheese - login => username:admin,password:123456
[2020-10-17T10:50:17.107] [DEBUG] cheese - admin
[2020-10-17T10:50:17.110] [DEBUG] cheese - null
[2020-10-17T10:50:17.110] [DEBUG] cheese - null
[2020-10-17T10:50:41.596] [DEBUG] cheese - login => username:admin,password:123456
[2020-10-17T10:50:41.596] [DEBUG] cheese - admin
[2020-10-17T10:50:41.599] [DEBUG] cheese - null
[2020-10-17T10:50:41.599] [DEBUG] cheese - null
[2020-10-17T10:51:17.214] [DEBUG] cheese - login => username:admin,password:123456
[2020-10-17T10:51:17.214] [DEBUG] cheese - admin
[2020-10-17T10:51:17.218] [DEBUG] cheese - null
[2020-10-17T10:51:17.218] [DEBUG] cheese - null
[2020-10-17T10:54:34.873] [DEBUG] cheese - login => username:admin,password:123456
[2020-10-17T10:54:34.873] [DEBUG] cheese - admin
[2020-10-17T10:54:34.875] [DEBUG] cheese - null
[2020-10-17T10:54:34.875] [DEBUG] cheese - null
[2020-10-17T10:56:54.257] [DEBUG] cheese - login => username:admin,password:123456
[2020-10-17T10:56:54.257] [DEBUG] cheese - admin
[2020-10-17T10:56:54.260] [DEBUG] cheese - null
[2020-10-17T10:56:54.261] [DEBUG] cheese - null
[2020-10-17T10:57:41.552] [DEBUG] cheese - login => username:admin,password:123456
[2020-10-17T10:57:41.552] [DEBUG] cheese - admin
[2020-10-17T10:57:41.556] [DEBUG] cheese - null
[2020-10-17T10:57:41.556] [DEBUG] cheese - null
[2020-10-17T10:58:18.723] [DEBUG] cheese - login => username:admin,password:123456
[2020-10-17T10:58:18.723] [DEBUG] cheese - admin
[2020-10-17T10:58:18.728] [DEBUG] cheese - null
[2020-10-17T10:58:18.728] [DEBUG] cheese - null
[2020-10-17T11:51:10.064] [DEBUG] cheese - login => username:admin,password:123456
[2020-10-17T11:51:10.065] [DEBUG] cheese - admin
[2020-10-17T11:51:10.094] [DEBUG] cheese - null
[2020-10-17T11:51:10.094] [DEBUG] cheese - null
[2020-10-17T12:13:44.171] [DEBUG] cheese - login => username:adm,password:acmadl
[2020-10-17T12:13:44.171] [DEBUG] cheese - adm
[2020-10-17T12:13:44.173] [DEBUG] cheese - null
[2020-10-17T12:13:44.173] [DEBUG] cheese - null
[2020-10-17T12:13:48.028] [DEBUG] cheese - login => username:admasas,password:acmadl
[2020-10-17T12:13:48.028] [DEBUG] cheese - admasas
[2020-10-17T12:13:48.029] [DEBUG] cheese - null
[2020-10-17T12:13:48.029] [DEBUG] cheese - null
[2020-10-17T12:14:09.192] [DEBUG] cheese - login => username:admin,password:123456
[2020-10-17T12:14:09.192] [DEBUG] cheese - admin
[2020-10-17T12:14:09.196] [DEBUG] cheese - null
[2020-10-17T12:14:09.196] [DEBUG] cheese - null
[2020-10-17T12:14:28.311] [DEBUG] cheese - login => username:admin,password:123456
[2020-10-17T12:14:28.311] [DEBUG] cheese - admin
[2020-10-17T12:14:28.314] [DEBUG] cheese - null
[2020-10-17T12:14:28.314] [DEBUG] cheese - null
[2020-10-17T13:01:42.647] [DEBUG] cheese - login => username:admin,password:123456
[2020-10-17T13:01:42.648] [DEBUG] cheese - admin
[2020-10-17T13:01:42.663] [DEBUG] cheese - null
[2020-10-17T13:01:42.664] [DEBUG] cheese - null
[2020-10-17T13:25:57.071] [DEBUG] cheese - login => username:admin,password:123456
[2020-10-17T13:25:57.074] [DEBUG] cheese - admin
[2020-10-17T13:25:57.105] [DEBUG] cheese - null
[2020-10-17T13:25:57.106] [DEBUG] cheese - null
[2020-10-17T13:27:11.131] [DEBUG] cheese - login => username:admin,password:123456
[2020-10-17T13:27:11.131] [DEBUG] cheese - admin
[2020-10-17T13:27:11.139] [DEBUG] cheese - null
[2020-10-17T13:27:11.140] [DEBUG] cheese - null
[2020-10-17T13:36:51.633] [DEBUG] cheese - login => username:admin,password:123456
[2020-10-17T13:36:51.634] [DEBUG] cheese - admin
[2020-10-17T13:36:51.637] [DEBUG] cheese - null
[2020-10-17T13:36:51.637] [DEBUG] cheese - null
[2020-10-17T13:43:35.400] [DEBUG] cheese - login => username:admin,password:123456
[2020-10-17T13:43:35.400] [DEBUG] cheese - admin
[2020-10-17T13:43:35.406] [DEBUG] cheese - null
[2020-10-17T13:43:35.407] [DEBUG] cheese - null
[2020-10-17T13:54:07.172] [DEBUG] cheese - login => username:admin,password:123456
[2020-10-17T13:54:07.172] [DEBUG] cheese - admin
[2020-10-17T13:54:07.176] [DEBUG] cheese - null
[2020-10-17T13:54:07.176] [DEBUG] cheese - null
[2020-10-17T13:55:36.874] [DEBUG] cheese - login => username:admin,password:123456
[2020-10-17T13:55:36.874] [DEBUG] cheese - admin
[2020-10-17T13:55:36.878] [DEBUG] cheese - null
[2020-10-17T13:55:36.879] [DEBUG] cheese - null
[2020-10-18T08:08:06.060] [DEBUG] cheese - login => username:admin,password:123456
[2020-10-18T08:08:06.062] [DEBUG] cheese - admin
[2020-10-18T08:08:06.108] [DEBUG] cheese - null
[2020-10-18T08:08:06.109] [DEBUG] cheese - null
[2020-10-18T08:18:03.091] [DEBUG] cheese - login => username:admin,password:123456
[2020-10-18T08:18:03.091] [DEBUG] cheese - admin
[2020-10-18T08:18:03.097] [DEBUG] cheese - null
[2020-10-18T08:18:03.097] [DEBUG] cheese - null
[2020-10-18T08:18:17.999] [DEBUG] cheese - login => username:admin,password:123456
[2020-10-18T08:18:17.999] [DEBUG] cheese - admin
[2020-10-18T08:18:18.002] [DEBUG] cheese - null
[2020-10-18T08:18:18.002] [DEBUG] cheese - null
[2020-10-18T08:18:53.929] [DEBUG] cheese - login => username:admin,password:123456
[2020-10-18T08:18:53.929] [DEBUG] cheese - admin
[2020-10-18T08:18:53.932] [DEBUG] cheese - null
[2020-10-18T08:18:53.932] [DEBUG] cheese - null
[2020-10-18T08:59:02.494] [DEBUG] cheese - login => username:admin,password:123456
[2020-10-18T08:59:02.495] [DEBUG] cheese - admin
[2020-10-18T08:59:02.541] [DEBUG] cheese - null
[2020-10-18T08:59:02.542] [DEBUG] cheese - null
[2020-10-18T09:03:55.969] [DEBUG] cheese - login => username:admin,password:123456
[2020-10-18T09:03:55.969] [DEBUG] cheese - admin
[2020-10-18T09:03:55.972] [DEBUG] cheese - login => username:admin,password:123456
[2020-10-18T09:03:55.972] [DEBUG] cheese - admin
[2020-10-18T09:03:55.976] [DEBUG] cheese - null
[2020-10-18T09:03:55.977] [DEBUG] cheese - null
[2020-10-18T09:03:56.074] [DEBUG] cheese - null
[2020-10-18T09:03:56.074] [DEBUG] cheese - null
[2020-10-18T09:04:47.064] [DEBUG] cheese - login => username:admin,password:123456
[2020-10-18T09:04:47.066] [DEBUG] cheese - admin
[2020-10-18T09:04:47.077] [DEBUG] cheese - null
[2020-10-18T09:04:47.077] [DEBUG] cheese - null
[2020-10-18T09:05:30.882] [DEBUG] cheese - login => username:admin,password:123456
[2020-10-18T09:05:30.882] [DEBUG] cheese - admin
[2020-10-18T09:05:30.885] [DEBUG] cheese - null
[2020-10-18T09:05:30.885] [DEBUG] cheese - null
[2020-10-18T09:06:02.096] [DEBUG] cheese - login => username:admin,password:123456
[2020-10-18T09:06:02.096] [DEBUG] cheese - admin
[2020-10-18T09:06:02.098] [DEBUG] cheese - null
[2020-10-18T09:06:02.098] [DEBUG] cheese - null
[2020-10-18T09:15:30.224] [DEBUG] cheese - login => username:admin,password:123456
[2020-10-18T09:15:30.224] [DEBUG] cheese - admin
[2020-10-18T09:15:30.227] [DEBUG] cheese - null
[2020-10-18T09:15:30.227] [DEBUG] cheese - null
[2020-10-18T09:49:01.707] [DEBUG] cheese - login => username:admin,password:123456
[2020-10-18T09:49:01.707] [DEBUG] cheese - admin
[2020-10-18T09:49:01.712] [DEBUG] cheese - null
[2020-10-18T09:49:01.712] [DEBUG] cheese - null
[2020-10-18T09:49:15.583] [DEBUG] cheese - login => username:admin,password:123456
[2020-10-18T09:49:15.583] [DEBUG] cheese - admin
[2020-10-18T09:49:15.585] [DEBUG] cheese - null
[2020-10-18T09:49:15.586] [DEBUG] cheese - null
[2020-10-18T09:53:07.823] [DEBUG] cheese - login => username:admin,password:123456
[2020-10-18T09:53:07.823] [DEBUG] cheese - admin
[2020-10-18T09:53:07.825] [DEBUG] cheese - null
[2020-10-18T09:53:07.825] [DEBUG] cheese - null
[2020-10-18T10:22:59.539] [DEBUG] cheese - login => username:admin,password:123456
[2020-10-18T10:22:59.539] [DEBUG] cheese - admin
[2020-10-18T10:22:59.542] [DEBUG] cheese - null
[2020-10-18T10:22:59.542] [DEBUG] cheese - null
[2020-10-18T10:24:24.823] [DEBUG] cheese - login => username:admin,password:123456
[2020-10-18T10:24:24.823] [DEBUG] cheese - admin
[2020-10-18T10:24:24.825] [DEBUG] cheese - null
[2020-10-18T10:24:24.825] [DEBUG] cheese - null
[2020-10-18T10:50:50.134] [DEBUG] cheese - login => username:admin,password:123456
[2020-10-18T10:50:50.135] [DEBUG] cheese - admin
[2020-10-18T10:50:50.139] [DEBUG] cheese - null
[2020-10-18T10:50:50.139] [DEBUG] cheese - null
[2020-10-18T11:30:04.577] [DEBUG] cheese - login => username:admin,password:123456
[2020-10-18T11:30:04.582] [DEBUG] cheese - admin
[2020-10-18T11:30:04.590] [DEBUG] cheese - null
[2020-10-18T11:30:04.591] [DEBUG] cheese - null
[2020-10-20T08:20:58.552] [DEBUG] cheese - login => username:admin,password:123456
[2020-10-20T08:20:58.557] [DEBUG] cheese - admin
[2020-10-20T08:20:58.587] [DEBUG] cheese - login => username:admin,password:123456
[2020-10-20T08:20:58.587] [DEBUG] cheese - admin
[2020-10-20T08:20:58.594] [DEBUG] cheese - login => username:admin,password:123456
[2020-10-20T08:20:58.594] [DEBUG] cheese - admin
[2020-10-20T08:20:58.600] [DEBUG] cheese - login => username:admin,password:123456
[2020-10-20T08:20:58.600] [DEBUG] cheese - admin
[2020-10-20T08:20:58.642] [DEBUG] cheese - null
[2020-10-20T08:20:58.643] [DEBUG] cheese - null
[2020-10-20T08:20:58.812] [DEBUG] cheese - null
[2020-10-20T08:20:58.812] [DEBUG] cheese - null
[2020-10-20T08:20:58.967] [DEBUG] cheese - null
[2020-10-20T08:20:58.967] [DEBUG] cheese - null
[2020-10-20T08:20:59.096] [DEBUG] cheese - null
[2020-10-20T08:20:59.096] [DEBUG] cheese - null
[2020-10-20T08:22:07.012] [DEBUG] cheese - login => username:admin,password:123456
[2020-10-20T08:22:07.015] [DEBUG] cheese - admin
[2020-10-20T08:22:07.029] [DEBUG] cheese - null
[2020-10-20T08:22:07.030] [DEBUG] cheese - null
[2020-10-20T08:34:01.066] [DEBUG] cheese - login => username:admin,password:123456
[2020-10-20T08:34:01.067] [DEBUG] cheese - admin
[2020-10-20T08:34:01.070] [DEBUG] cheese - null
[2020-10-20T08:34:01.070] [DEBUG] cheese - null
[2020-10-20T08:37:18.771] [DEBUG] cheese - login => username:admin,password:123456
[2020-10-20T08:37:18.771] [DEBUG] cheese - admin
[2020-10-20T08:37:18.774] [DEBUG] cheese - null
[2020-10-20T08:37:18.774] [DEBUG] cheese - null
[2020-10-31T14:34:40.587] [DEBUG] cheese - login => username:admin,password:123456
[2020-10-31T14:34:40.590] [DEBUG] cheese - admin
[2020-10-31T14:34:40.648] [DEBUG] cheese - null
[2020-10-31T14:34:40.649] [DEBUG] cheese - null
[2020-10-31T15:18:06.626] [DEBUG] cheese - login => username:admin,password:123456
[2020-10-31T15:18:06.628] [DEBUG] cheese - admin
[2020-10-31T15:18:06.647] [DEBUG] cheese - null
[2020-10-31T15:18:06.648] [DEBUG] cheese - null
[2020-10-31T15:18:29.738] [DEBUG] cheese - login => username:admina,password:123456
[2020-10-31T15:18:29.739] [DEBUG] cheese - admina
[2020-10-31T15:18:29.750] [DEBUG] cheese - null
[2020-10-31T15:18:29.750] [DEBUG] cheese - null
[2020-10-31T15:20:35.485] [DEBUG] cheese - login => username:admin,password:123456
[2020-10-31T15:20:35.485] [DEBUG] cheese - admin
[2020-10-31T15:20:35.489] [DEBUG] cheese - null
[2020-10-31T15:20:35.489] [DEBUG] cheese - null
[2020-10-31T15:22:37.096] [DEBUG] cheese - login => username:admin,password:123456
[2020-10-31T15:22:37.096] [DEBUG] cheese - admin
[2020-10-31T15:22:37.109] [DEBUG] cheese - null
[2020-10-31T15:22:37.109] [DEBUG] cheese - null
[2020-10-31T15:24:21.918] [DEBUG] cheese - login => username:sasa,password:123456sasasasasasa
[2020-10-31T15:24:21.918] [DEBUG] cheese - sasa
[2020-10-31T15:24:21.922] [DEBUG] cheese - null
[2020-10-31T15:24:21.922] [DEBUG] cheese - null
[2020-10-31T15:30:28.825] [DEBUG] cheese - login => username:admin,password:123456
[2020-10-31T15:30:28.825] [DEBUG] cheese - admin
[2020-10-31T15:30:28.831] [DEBUG] cheese - null
[2020-10-31T15:30:28.831] [DEBUG] cheese - null
[2020-10-31T15:30:33.209] [DEBUG] cheese - login => username:admina,password:123456
[2020-10-31T15:30:33.209] [DEBUG] cheese - admina
[2020-10-31T15:30:33.218] [DEBUG] cheese - null
[2020-10-31T15:30:33.218] [DEBUG] cheese - null
[2020-10-31T15:30:36.713] [DEBUG] cheese - login => username:admin,password:123456
[2020-10-31T15:30:36.713] [DEBUG] cheese - admin
[2020-10-31T15:30:36.718] [DEBUG] cheese - null
[2020-10-31T15:30:36.719] [DEBUG] cheese - null
[2020-10-31T15:32:05.738] [DEBUG] cheese - login => username:admin,password:123456
[2020-10-31T15:32:05.738] [DEBUG] cheese - admin
[2020-10-31T15:32:05.747] [DEBUG] cheese - null
[2020-10-31T15:32:05.747] [DEBUG] cheese - null
[2020-10-31T15:32:12.894] [DEBUG] cheese - login => username:asas,password:123456
[2020-10-31T15:32:12.895] [DEBUG] cheese - asas
[2020-10-31T15:32:12.899] [DEBUG] cheese - null
[2020-10-31T15:32:12.900] [DEBUG] cheese - null
[2020-10-31T15:32:14.924] [DEBUG] cheese - login => username:asassasasa,password:123456
[2020-10-31T15:32:14.924] [DEBUG] cheese - asassasasa
[2020-10-31T15:32:14.932] [DEBUG] cheese - null
[2020-10-31T15:32:14.932] [DEBUG] cheese - null
[2020-10-31T15:32:24.603] [DEBUG] cheese - login => username:sas,password:123456sasasasasasa
[2020-10-31T15:32:24.603] [DEBUG] cheese - sas
[2020-10-31T15:32:24.607] [DEBUG] cheese - null
[2020-10-31T15:32:24.608] [DEBUG] cheese - null
[2020-10-31T15:32:24.843] [DEBUG] cheese - login => username:sas,password:123456sasasasasasa
[2020-10-31T15:32:24.844] [DEBUG] cheese - sas
[2020-10-31T15:32:24.849] [DEBUG] cheese - null
[2020-10-31T15:32:24.850] [DEBUG] cheese - null
[2020-10-31T15:32:35.510] [DEBUG] cheese - login => username:admin,password:123456sasasasasasa
[2020-10-31T15:32:35.510] [DEBUG] cheese - admin
[2020-10-31T15:32:35.515] [DEBUG] cheese - null
[2020-10-31T15:32:35.515] [DEBUG] cheese - null
[2020-10-31T15:32:39.836] [DEBUG] cheese - login => username:admin,password:123456
[2020-10-31T15:32:39.836] [DEBUG] cheese - admin
[2020-10-31T15:32:39.841] [DEBUG] cheese - null
[2020-10-31T15:32:39.841] [DEBUG] cheese - null
[2020-10-31T15:32:47.803] [DEBUG] cheese - login => username:admin,password:123456
[2020-10-31T15:32:47.803] [DEBUG] cheese - admin
[2020-10-31T15:32:47.808] [DEBUG] cheese - null
[2020-10-31T15:32:47.808] [DEBUG] cheese - null
[2020-10-31T15:35:54.698] [DEBUG] cheese - login => username:admin,password:123456
[2020-10-31T15:35:54.698] [DEBUG] cheese - admin
[2020-10-31T15:35:54.702] [DEBUG] cheese - null
[2020-10-31T15:35:54.702] [DEBUG] cheese - null
[2020-11-01T11:05:47.519] [DEBUG] cheese - login => username:admin,password:123456
[2020-11-01T11:05:47.521] [DEBUG] cheese - admin
[2020-11-01T11:05:47.555] [DEBUG] cheese - null
[2020-11-01T11:05:47.556] [DEBUG] cheese - null
[2020-11-01T11:06:11.518] [DEBUG] cheese - login => username:admin,password:123456
[2020-11-01T11:06:11.518] [DEBUG] cheese - admin
[2020-11-01T11:06:11.521] [DEBUG] cheese - null
[2020-11-01T11:06:11.521] [DEBUG] cheese - null
[2020-11-02T23:44:36.172] [DEBUG] cheese - login => username:admin,password:123456
[2020-11-02T23:44:36.175] [DEBUG] cheese - admin
[2020-11-02T23:44:36.233] [DEBUG] cheese - null
[2020-11-02T23:44:36.234] [DEBUG] cheese - null
[2020-11-02T23:46:30.753] [DEBUG] cheese - login => username:admin,password:123456
[2020-11-02T23:46:30.753] [DEBUG] cheese - admin
[2020-11-02T23:46:30.757] [DEBUG] cheese - null
[2020-11-02T23:46:30.757] [DEBUG] cheese - null
